This is e-pTeX, Version 3.14159265-p3.8.2-190131-2.6 (utf8.euc) (TeX Live 2019) (preloaded format=platex 2019.8.19)  13 FEB 2020 08:37
entering extended mode
 restricted \write18 enabled.
 %&-line parsing enabled.
**deim-aso
(./deim-aso.tex
pLaTeX2e <2019-04-06> (based on LaTeX2e <2018-12-01>)
(./deimj.cls
Document Class: deimj 
\@JQ=\dimen118
\@Q=\dimen119
\@EM=\dimen120
\c@@paper=\count83
\@authorlist=\toks15
\@authorcnt=\count84
\@alcnt=\count85
\p@alcnt=\count86
\@totalnumber=\count87
\authornamesep=\dimen121
\tn@dn=\count88
\@spcnt=\count89
\alignorder=\count90
\totalnumberm@ne=\count91
\@authorcntp@ne=\count92
\chk@alcnt=\count93
\chk@p@alcnt=\count94
\Pauthorsep=\dimen122
\jabstractbox=\box43
\jkeywordbox=\box44
\c@section=\count95
\c@subsection=\count96
\c@subsubsection=\count97
\c@paragraph=\count98
\c@subparagraph=\count99
\@hlskip=\skip41
\verbatimleftmargin=\dimen123
\verbatimbaselineskip=\dimen124
\c@figure=\count100
\c@table=\count101
\abovecaptionskip=\skip42
\belowcaptionskip=\skip43
\@tempboxb=\box45
\capwidth=\dimen125
\ecapwidth=\dimen126
\symmincho=\mathgroup4
LaTeX Font Info:    Overwriting symbol font `mincho' in version `bold'
(Font)                  JY1/mc/m/n --> JY1/gt/m/n on input line 2506.
LaTeX Font Info:    Redeclaring symbol font `mincho' on input line 2564.
LaTeX Font Info:    Overwriting symbol font `mincho' in version `normal'
(Font)                  JY1/mc/m/n --> JY1/mc/m/n on input line 2564.
LaTeX Font Info:    Overwriting symbol font `mincho' in version `bold'
(Font)                  JY1/gt/m/n --> JY1/mc/m/n on input line 2564.
LaTeX Font Info:    Overwriting symbol font `mincho' in version `bold'
(Font)                  JY1/mc/m/n --> JY1/gt/m/n on input line 2564.
LaTeX Font Info:    Redeclaring math alphabet \mathgt on input line 2564.
LaTeX Font Info:    Overwriting math alphabet `\mathgt' in version `normal'
(Font)                  JY1/gt/m/n --> JY1/gt/m/n on input line 2564.
LaTeX Font Info:    Overwriting math alphabet `\mathgt' in version `bold'
(Font)                  JY1/gt/m/n --> JY1/gt/m/n on input line 2564.
LaTeX Info: Redefining \mc on input line 2572.
LaTeX Info: Redefining \gt on input line 2573.
\bibindent=\dimen127
\c@profile=\count102
\mathindent=\dimen128
\@minsofar=\count103
\@min=\count104
\@cite@temp=\count105
) (/usr/local/texlive/2019/texmf-dist/tex/latex/graphics/graphicx.sty
Package: graphicx 2017/06/01 v1.1a Enhanced LaTeX Graphics (DPC,SPQR)

(/usr/local/texlive/2019/texmf-dist/tex/latex/graphics/keyval.sty
Package: keyval 2014/10/28 v1.15 key=value parser (DPC)
\KV@toks@=\toks16
)
(/usr/local/texlive/2019/texmf-dist/tex/latex/graphics/graphics.sty
Package: graphics 2017/06/25 v1.2c Standard LaTeX Graphics (DPC,SPQR)

(/usr/local/texlive/2019/texmf-dist/tex/latex/graphics/trig.sty
Package: trig 2016/01/03 v1.10 sin cos tan (DPC)
)
(/usr/local/texlive/2019/texmf-dist/tex/latex/graphics-cfg/graphics.cfg
File: graphics.cfg 2016/06/04 v1.11 sample graphics configuration
)
Package graphics Info: Driver file: dvipdfmx.def on input line 99.

(/usr/local/texlive/2019/texmf-dist/tex/latex/graphics-def/dvipdfmx.def
File: dvipdfmx.def 2017/06/24 v5.0g Graphics/color driver for dvipdfmx
))
\Gin@req@height=\dimen129
\Gin@req@width=\dimen130
)
(./deim-aso.aux)
\openout1 = `deim-aso.aux'.

LaTeX Font Info:    Checking defaults for OML/cmm/m/it on input line 41.
LaTeX Font Info:    ... okay on input line 41.
LaTeX Font Info:    Checking defaults for T1/cmr/m/n on input line 41.
LaTeX Font Info:    ... okay on input line 41.
LaTeX Font Info:    Checking defaults for OT1/cmr/m/n on input line 41.
LaTeX Font Info:    ... okay on input line 41.
LaTeX Font Info:    Checking defaults for OMS/cmsy/m/n on input line 41.
LaTeX Font Info:    ... okay on input line 41.
LaTeX Font Info:    Checking defaults for OMX/cmex/m/n on input line 41.
LaTeX Font Info:    ... okay on input line 41.
LaTeX Font Info:    Checking defaults for U/cmr/m/n on input line 41.
LaTeX Font Info:    ... okay on input line 41.
LaTeX Font Info:    Checking defaults for JY1/mc/m/n on input line 41.
LaTeX Font Info:    ... okay on input line 41.
LaTeX Font Info:    Checking defaults for JT1/mc/m/n on input line 41.
LaTeX Font Info:    ... okay on input line 41.
LaTeX Font Info:    Font shape `JT1/mc/bx/n' in size <10> not available
(Font)              Font shape `JT1/gt/m/n' tried instead on input line 43.
LaTeX Font Info:    Font shape `JY1/mc/bx/n' in size <10> not available
(Font)              Font shape `JY1/gt/m/n' tried instead on input line 43.
LaTeX Font Info:    External font `cmex10' loaded for size
(Font)              <12> on input line 49.
LaTeX Font Info:    External font `cmex10' loaded for size
(Font)              <8> on input line 49.
LaTeX Font Info:    External font `cmex10' loaded for size
(Font)              <6> on input line 49.
LaTeX Font Info:    Calculating math sizes for size <10.5> on input line 49.


LaTeX Font Warning: Font shape `OML/cmm/m/it' in size <10.5> not available
(Font)              size <10.95> substituted on input line 49.


LaTeX Font Warning: Font shape `OMS/cmsy/m/n' in size <10.5> not available
(Font)              size <10.95> substituted on input line 49.

LaTeX Font Info:    External font `cmex10' loaded for size
(Font)              <10.5> on input line 49.
LaTeX Font Info:    External font `cmex10' loaded for size
(Font)              <7.34996> on input line 49.
LaTeX Font Info:    External font `cmex10' loaded for size
(Font)              <5.25> on input line 49.
LaTeX Font Info:    Try loading font information for OMS+cmr on input line 49.
(/usr/local/texlive/2019/texmf-dist/tex/latex/base/omscmr.fd
File: omscmr.fd 2014/09/29 v2.5h Standard LaTeX font definitions
)
LaTeX Font Info:    Font shape `OMS/cmr/m/n' in size <10.5> not available
(Font)              Font shape `OMS/cmsy/m/n' tried instead on input line 49.


LaTeX Font Warning: Font shape `OMS/cmsy/m/n' in size <10.5> not available
(Font)              size <10.95> substituted on input line 49.

(./tex/introduction.tex
LaTeX Font Info:    Font shape `JT1/mc/bx/n' in size <10.95> not available
(Font)              Font shape `JT1/gt/m/n' tried instead on input line 1.
LaTeX Font Info:    Font shape `JY1/mc/bx/n' in size <10.95> not available
(Font)              Font shape `JY1/gt/m/n' tried instead on input line 1.
LaTeX Font Info:    External font `cmex10' loaded for size
(Font)              <9> on input line 1.
LaTeX Font Info:    External font `cmex10' loaded for size
(Font)              <5> on input line 1.
File: image/RDFimage.png Graphic file (type bmp)
<image/RDFimage.png>
 [1


]) (./tex/preliminaries.tex
LaTeX Font Info:    Font shape `JT1/mc/bx/n' in size <9> not available
(Font)              Font shape `JT1/gt/m/n' tried instead on input line 14.
LaTeX Font Info:    Font shape `JY1/mc/bx/n' in size <9> not available
(Font)              Font shape `JY1/gt/m/n' tried instead on input line 14.
File: image/InterfaceImage2.png Graphic file (type bmp)
<image/InterfaceImage2.png>
) (./tex/related.tex)
(./tex/proposal.tex [2]
File: image/architecture.png Graphic file (type bmp)
<image/architecture.png>
 [3]
File: image/profacetInterface.png Graphic file (type bmp)
<image/profacetInterface.png>
) (./tex/experiments.tex
File: image/datasetStatistics.png Graphic file (type bmp)
<image/datasetStatistics.png>
File: image/upperPropertyClusters.png Graphic file (type bmp)
<image/upperPropertyClusters.png>
File: image/partOfUpperPropertyCluster.png Graphic file (type bmp)
<image/partOfUpperPropertyCluster.png>


LaTeX Warning: `h' float specifier changed to `ht'.

File: image/hierachicalClusters.png Graphic file (type bmp)
<image/hierachicalClusters.png>
File: image/partOfHierachicalCluster.png Graphic file (type bmp)
<image/partOfHierachicalCluster.png>
[4]
File: image/propertyFacet.png Graphic file (type bmp)
<image/propertyFacet.png>
File: image/facetResult.png Graphic file (type bmp)
<image/facetResult.png>

Overfull \hbox (10.60493pt too wide) in paragraph at lines 101--104
 [][] 
 []

) (./tex/conclusion.tex [5]) (./tex/acknowledgements.tex) (./deim-aso.bbl
LaTeX Font Info:    Font shape `JT1/mc/bx/n' in size <7> not available
(Font)              Font shape `JT1/gt/m/n' tried instead on input line 1.
LaTeX Font Info:    Font shape `JY1/mc/bx/n' in size <7> not available
(Font)              Font shape `JY1/gt/m/n' tried instead on input line 1.
LaTeX Font Info:    Font shape `JT1/gt/m/it' in size <8> not available
(Font)              Font shape `JT1/gt/m/n' tried instead on input line 7.
LaTeX Font Info:    Font shape `JY1/gt/m/it' in size <8> not available
(Font)              Font shape `JY1/gt/m/n' tried instead on input line 7.
)
[6

] (./deim-aso.aux)

LaTeX Font Warning: Size substitutions with differences
(Font)              up to 0.45pt have occurred.

 ) 
Here is how much of TeX's memory you used:
 1074 strings out of 493223
 13315 string characters out of 6144415
 90500 words of memory out of 5000000
 5068 multiletter control sequences out of 15000+600000
 20320 words of font info for 78 fonts, out of 8000000 for 9000
 929 hyphenation exceptions out of 8191
 25i,7n,23p,1573b,317s stack positions out of 5000i,500n,10000p,200000b,80000s

Output written on deim-aso.dvi (6 pages, 46624 bytes).
